{
  "RSpec": {
    "coverage": {
      "/Users/oleglukyanov/Dropbox/Projects/oystercard/spec/journey_spec.rb": [
        1,
        null,
        1,
        12,
        3,
        2,
        null,
        1,
        1,
        null,
        null,
        1,
        1,
        null,
        null,
        1,
        1,
        1,
        null,
        null,
        1,
        1,
        null,
        null,
        1,
        1,
        null,
        null,
        1,
        1,
        1,
        null,
        null,
        1,
        null,
        1,
        1,
        1,
        null,
        null,
        null,
        1,
        3,
        1,
        1,
        null,
        null,
        1,
        1,
        null,
        null,
        null,
        1,
        2,
        1,
        1,
        null,
        null,
        null,
        1,
        2,
        2,
        1,
        1,
        null,
        null,
        null,
        null
      ],
      "/Users/oleglukyanov/Dropbox/Projects/oystercard/lib/journey.rb": [
        1,
        1,
        1,
        null,
        1,
        21,
        null,
        null,
        1,
        16,
        null,
        null,
        1,
        30,
        null,
        null,
        1,
        13,
        null,
        null,
        1,
        20,
        null,
        null,
        1,
        3,
        3,
        3,
        null,
        null,
        1,
        5,
        5,
        null,
        null,
        1,
        17,
        7,
        10,
        4,
        null,
        6,
        null,
        null,
        null
      ],
      "/Users/oleglukyanov/Dropbox/Projects/oystercard/spec/oystercard_spec.rb": [
        1,
        null,
        1,
        null,
        10,
        2,
        8,
        1,
        6,
        4,
        1,
        3,
        null,
        null,
        1,
        1,
        1,
        null,
        null,
        1,
        1,
        null,
        null,
        null,
        1,
        1,
        4,
        null,
        null,
        1,
        1,
        1,
        2,
        null,
        null,
        null,
        1,
        2,
        null,
        1,
        2,
        null,
        null,
        null,
        1,
        null,
        null,
        1,
        1,
        2,
        2,
        null,
        null,
        1,
        4,
        null,
        null,
        1,
        1,
        1,
        null,
        null,
        null,
        1,
        2,
        2,
        null,
        1,
        4,
        null,
        null,
        null,
        1,
        2,
        2,
        2,
        null,
        1,
        4,
        null,
        null,
        null
      ],
      "/Users/oleglukyanov/Dropbox/Projects/oystercard/lib/oystercard.rb": [
        1,
        null,
        1,
        null,
        1,
        1,
        null,
        1,
        null,
        1,
        10,
        10,
        10,
        10,
        10,
        10,
        null,
        null,
        1,
        8,
        7,
        null,
        null,
        1,
        6,
        6,
        5,
        null,
        null,
        1,
        4,
        4,
        null,
        null,
        1,
        null,
        1,
        5,
        null,
        null,
        1,
        5,
        5,
        5,
        5,
        5,
        null,
        null,
        1,
        2,
        2,
        null,
        null,
        1,
        2,
        2,
        null,
        null,
        1,
        5,
        null,
        null
      ],
      "/Users/oleglukyanov/Dropbox/Projects/oystercard/spec/station_spec.rb": [
        1,
        null,
        1,
        3,
        3,
        3,
        null,
        1,
        1,
        null,
        null,
        1,
        1,
        null,
        null
      ],
      "/Users/oleglukyanov/Dropbox/Projects/oystercard/lib/station.rb": [
        1,
        1,
        null,
        1,
        2,
        2,
        null,
        null,
        null
      ]
    },
    "timestamp": 1499962908
  }
}
